# JRE version: Java(TM) SE Runtime Environment (10.0.1+10) (build 10.0.1+10)
# Java VM: Java HotSpot(TM) 64-Bit Server VM (10.0.1+10, mixed mode, tiered, compressed oops, g1 gc, windows-amd64)
Heap:
 garbage-first heap   total 155648K, used 99120K [0x0000000082e00000, 0x0000000100000000)
  region size 1024K, 45 young (46080K), 7 survivors (7168K)
 Metaspace       used 91592K, capacity 93467K, committed 94284K, reserved 1132544K
  class space    used 10814K, capacity 11524K, committed 11648K, reserved 1048576K
GC Heap History (10 events):
Event: 14.806 GC heap before
{Heap before GC invocations=17 (full 0):
 garbage-first heap   total 155648K, used 108247K [0x0000000082e00000, 0x0000000100000000)
  region size 1024K, 61 young (62464K), 6 survivors (6144K)
 Metaspace       used 58616K, capacity 60034K, committed 60288K, reserved 1101824K
  class space    used 6629K, capacity 7134K, committed 7168K, reserved 1048576K
}
Event: 14.821 GC heap after
{Heap after GC invocations=18 (full 0):
 garbage-first heap   total 155648K, used 56526K [0x0000000082e00000, 0x0000000100000000)
  region size 1024K, 8 young (8192K), 8 survivors (8192K)
 Metaspace       used 58616K, capacity 60034K, committed 60288K, reserved 1101824K
  class space    used 6629K, capacity 7134K, committed 7168K, reserved 1048576K
}
Event: 17.208 GC heap before
{Heap before GC invocations=19 (full 0):
 garbage-first heap   total 155648K, used 109774K [0x0000000082e00000, 0x0000000100000000)
  region size 1024K, 65 young (66560K), 8 survivors (8192K)
 Metaspace       used 69536K, capacity 71083K, committed 71628K, reserved 1112064K
  class space    used 7812K, capacity 8368K, committed 8448K, reserved 1048576K
}
Event: 17.224 GC heap after
{Heap after GC invocations=20 (full 0):
 garbage-first heap   total 155648K, used 56931K [0x0000000082e00000, 0x0000000100000000)
  region size 1024K, 9 young (9216K), 9 survivors (9216K)
 Metaspace       used 69536K, capacity 71083K, committed 71628K, reserved 1112064K
  class space    used 7812K, capacity 8368K, committed 8448K, reserved 1048576K
}
Event: 17.242 GC heap before
{Heap before GC invocations=20 (full 0):
 garbage-first heap   total 155648K, used 57955K [0x0000000082e00000, 0x0000000100000000)
  region size 1024K, 10 young (10240K), 9 survivors (9216K)
 Metaspace       used 69619K, capacity 71147K, committed 71628K, reserved 1112064K
  class space    used 7825K, capacity 8368K, committed 8448K, reserved 1048576K
}
Event: 17.255 GC heap after
{Heap after GC invocations=21 (full 0):
 garbage-first heap   total 155648K, used 56674K [0x0000000082e00000, 0x0000000100000000)
  region size 1024K, 2 young (2048K), 2 survivors (2048K)
 Metaspace       used 69619K, capacity 71147K, committed 71628K, reserved 1112064K
  class space    used 7825K, capacity 8368K, committed 8448K, reserved 1048576K
}
Event: 19.563 GC heap before
{Heap before GC invocations=21 (full 0):
 garbage-first heap   total 155648K, used 115042K [0x0000000082e00000, 0x0000000100000000)
  region size 1024K, 59 young (60416K), 2 survivors (2048K)
 Metaspace       used 81250K, capacity 82854K, committed 83404K, reserved 1122304K
  class space    used 9619K, capacity 10198K, committed 10240K, reserved 1048576K
}
Event: 19.569 GC heap after
{Heap after GC invocations=22 (full 0):
 garbage-first heap   total 155648K, used 57456K [0x0000000082e00000, 0x0000000100000000)
  region size 1024K, 3 young (3072K), 3 survivors (3072K)
 Metaspace       used 81250K, capacity 82854K, committed 83404K, reserved 1122304K
  class space    used 9619K, capacity 10198K, committed 10240K, reserved 1048576K
}
Event: 21.053 GC heap before
{Heap before GC invocations=22 (full 0):
 garbage-first heap   total 155648K, used 117872K [0x0000000082e00000, 0x0000000100000000)
  region size 1024K, 62 young (63488K), 3 survivors (3072K)
 Metaspace       used 87091K, capacity 88931K, committed 89676K, reserved 1128448K
  class space    used 10356K, capacity 11024K, committed 11136K, reserved 1048576K
}
Event: 21.064 GC heap after
{Heap after GC invocations=23 (full 0):
 garbage-first heap   total 155648K, used 61232K [0x0000000082e00000, 0x0000000100000000)
  region size 1024K, 7 young (7168K), 7 survivors (7168K)
 Metaspace       used 87091K, capacity 88931K, committed 89676K, reserved 1128448K
  class space    used 10356K, capacity 11024K, committed 11136K, reserved 1048576K
}

